<?xml version="1.0" encoding="UTF-8"?>
<!-- Generated by org.testng.reporters.JUnitReportReporter -->
<testsuite hostname="OPTISSD9" failures="0" tests="8" name="testcases.UserManagePage_Testcases" time="287.495" errors="0" timestamp="2021-10-26T17:40:56 IST" skipped="0">
  <testcase classname="testcases.UserManagePage_Testcases" name="Verify_title" time="9.710"/>
  <system-out/>
  <testcase classname="testcases.UserManagePage_Testcases" name="Verify_search" time="13.796"/>
  <system-out/>
  <testcase classname="testcases.UserManagePage_Testcases" name="Verify_Enable_filter" time="15.860"/>
  <system-out/>
  <testcase classname="testcases.UserManagePage_Testcases" name="Verify_Enable_grouping" time="14.709"/>
  <system-out/>
  <testcase classname="testcases.UserManagePage_Testcases" name="verify_Export_Excel" time="26.003"/>
  <system-out/>
  <testcase classname="testcases.UserManagePage_Testcases" name="Verify_AddUserManagement" time="145.322"/>
  <system-out/>
  <testcase classname="testcases.UserManagePage_Testcases" name="Verify_UpdateUserManagement" time="31.148"/>
  <system-out/>
  <testcase classname="testcases.UserManagePage_Testcases" name="Verify_DeleteUserManagement" time="30.947"/>
  <system-out/>
</testsuite> <!-- testcases.UserManagePage_Testcases -->
