<?xml version="1.0" encoding="UTF-8"?>
<!-- Generated by org.testng.reporters.JUnitReportReporter -->
<testsuite hostname="OPTISSD9" failures="0" tests="1" name="continue_Testing.Usermanagroup_continue" time="151.472" errors="0" timestamp="2021-11-11T19:41:37 IST" skipped="0">
  <testcase classname="continue_Testing.Usermanagroup_continue" name="Verify_Usergroup" time="151.472"/>
  <system-out/>
</testsuite> <!-- continue_Testing.Usermanagroup_continue -->
