<?xml version="1.0" encoding="UTF-8"?>
<!-- Generated by org.testng.reporters.JUnitReportReporter -->
<testsuite hostname="OPTISSD9" failures="0" tests="8" name="testcases.Authorization_Testcases" time="334.845" errors="0" timestamp="2021-11-17T18:32:54 IST" skipped="0">
  <testcase classname="testcases.Authorization_Testcases" name="AddAuth" time="125.842"/>
  <system-out/>
  <testcase classname="testcases.Authorization_Testcases" name="UpdateAuth" time="65.064"/>
  <system-out/>
  <testcase classname="testcases.Authorization_Testcases" name="DeleteAuth" time="65.952"/>
  <system-out/>
  <testcase classname="testcases.Authorization_Testcases" name="verify_Export_Excel" time="24.682"/>
  <system-out/>
  <testcase classname="testcases.Authorization_Testcases" name="Verify_title" time="9.490"/>
  <system-out/>
  <testcase classname="testcases.Authorization_Testcases" name="Verify_search" time="14.638"/>
  <system-out/>
  <testcase classname="testcases.Authorization_Testcases" name="Verify_Enable_filter" time="14.646"/>
  <system-out/>
  <testcase classname="testcases.Authorization_Testcases" name="Verify_Enable_grouping" time="14.531"/>
  <system-out/>
</testsuite> <!-- testcases.Authorization_Testcases -->
