<?xml version="1.0" encoding="UTF-8"?>
<!-- Generated by org.testng.reporters.JUnitReportReporter -->
<testsuite hostname="OPTISSD9" failures="0" tests="4" name="testcases.Loginpage_Testcases" time="18.310" errors="0" timestamp="2021-10-22T11:08:01 IST" skipped="0">
  <testcase classname="testcases.Loginpage_Testcases" name="login" time="4.344"/>
  <system-out/>
  <testcase classname="testcases.Loginpage_Testcases" name="Verify_title" time="5.252"/>
  <system-out/>
  <testcase classname="testcases.Loginpage_Testcases" name="Verify_validation" time="4.217"/>
  <system-out/>
  <testcase classname="testcases.Loginpage_Testcases" name="verify_logo" time="4.497"/>
  <system-out/>
</testsuite> <!-- testcases.Loginpage_Testcases -->
