<?xml version="1.0" encoding="UTF-8"?>
<!-- Generated by org.testng.reporters.JUnitReportReporter -->
<testsuite hostname="OPTISSD9" failures="0" tests="1" name="testcases.UserManagePage_Testcases" time="44.305" errors="0" timestamp="2021-11-12T15:14:05 IST" skipped="0">
  <testcase classname="testcases.UserManagePage_Testcases" name="Verify_UpdateUserManagement" time="44.305"/>
  <system-out/>
</testsuite> <!-- testcases.UserManagePage_Testcases -->
