<?xml version="1.0" encoding="UTF-8"?>
<!-- Generated by org.testng.reporters.JUnitReportReporter -->
<testsuite hostname="OPTISSD9" failures="0" tests="8" name="testcases.User_Group_Testcases" time="122.017" errors="0" timestamp="2021-10-14T12:13:41 IST" skipped="0">
  <testcase classname="testcases.User_Group_Testcases" name="Verify_menus" time="10.859"/>
  <system-out/>
  <testcase classname="testcases.User_Group_Testcases" name="Verify_search" time="14.513"/>
  <system-out/>
  <testcase classname="testcases.User_Group_Testcases" name="Verify_Enable_filter" time="14.403"/>
  <system-out/>
  <testcase classname="testcases.User_Group_Testcases" name="Verify_Enable_grouping" time="14.970"/>
  <system-out/>
  <testcase classname="testcases.User_Group_Testcases" name="Verify_AddUserGroup" time="21.338"/>
  <system-out/>
  <testcase classname="testcases.User_Group_Testcases" name="verify_Export_Excel" time="20.649"/>
  <system-out/>
  <testcase classname="testcases.User_Group_Testcases" name="Verify_UpdateUserGroup" time="16.235"/>
  <system-out/>
  <testcase classname="testcases.User_Group_Testcases" name="Verify_DeleteUserGroup" time="9.050"/>
  <system-out/>
</testsuite> <!-- testcases.User_Group_Testcases -->
