<?xml version="1.0" encoding="UTF-8"?>
<!-- Generated by org.testng.reporters.JUnitReportReporter -->
<testsuite hostname="OPTISSD9" failures="0" tests="4" name="testcases.Loginpage_Testcases" time="21.905" errors="0" timestamp="2021-10-12T11:09:05 IST" skipped="0">
  <testcase classname="testcases.Loginpage_Testcases" name="login" time="4.841"/>
  <system-out/>
  <testcase classname="testcases.Loginpage_Testcases" name="Verify_title" time="4.264"/>
  <system-out/>
  <testcase classname="testcases.Loginpage_Testcases" name="Verify_validation" time="6.452"/>
  <system-out/>
  <testcase classname="testcases.Loginpage_Testcases" name="verify_logo" time="6.348"/>
  <system-out/>
</testsuite> <!-- testcases.Loginpage_Testcases -->
