<?xml version="1.0" encoding="UTF-8"?>
<!-- Generated by org.testng.reporters.JUnitReportReporter -->
<testsuite hostname="OPTISSD9" failures="0" tests="1" name="testcases.RolePage_Testcases" time="11.048" errors="0" timestamp="2021-10-20T18:30:43 IST" skipped="0">
  <testcase classname="testcases.RolePage_Testcases" name="Verify_title" time="11.048"/>
  <system-out/>
</testsuite> <!-- testcases.RolePage_Testcases -->
