<?xml version="1.0" encoding="UTF-8"?>
<!-- Generated by org.testng.reporters.JUnitReportReporter -->
<testsuite hostname="OPTISSD9" failures="0" tests="9" name="testcases.Dashboardpage_Testcases" time="106.987" errors="0" timestamp="2021-11-11T11:57:07 IST" skipped="0">
  <testcase classname="testcases.Dashboardpage_Testcases" name="Verify_menus" time="22.802"/>
  <system-out/>
  <testcase classname="testcases.Dashboardpage_Testcases" name="Verify_UsergroupTest" time="9.856"/>
  <system-out/>
  <testcase classname="testcases.Dashboardpage_Testcases" name="Verify_UserManagementTest" time="10.244"/>
  <system-out/>
  <testcase classname="testcases.Dashboardpage_Testcases" name="Verify_RolesTest" time="9.101"/>
  <system-out/>
  <testcase classname="testcases.Dashboardpage_Testcases" name="Verify_AuthorizationTest" time="9.722"/>
  <system-out/>
  <testcase classname="testcases.Dashboardpage_Testcases" name="Verify_TenantTest" time="9.621"/>
  <system-out/>
  <testcase classname="testcases.Dashboardpage_Testcases" name="Verify_ConnectedUsersTest" time="9.780"/>
  <system-out/>
  <testcase classname="testcases.Dashboardpage_Testcases" name="Verify_ConfigurationTest" time="9.606"/>
  <system-out/>
  <testcase classname="testcases.Dashboardpage_Testcases" name="Verify_logout" time="16.255"/>
  <system-out/>
</testsuite> <!-- testcases.Dashboardpage_Testcases -->
