<?xml version="1.0" encoding="UTF-8"?>
<!-- Generated by org.testng.reporters.JUnitReportReporter -->
<testsuite hostname="OPTISSD9" failures="0" tests="1" name="continue_Testing.Usergroup_continue" time="177.055" errors="0" timestamp="2021-11-12T11:54:17 IST" skipped="0">
  <testcase classname="continue_Testing.Usergroup_continue" name="Verify_Usergroup" time="177.055"/>
  <system-out/>
</testsuite> <!-- continue_Testing.Usergroup_continue -->
