<?xml version="1.0" encoding="UTF-8"?>
<!-- Generated by org.testng.reporters.JUnitReportReporter -->
<testsuite hostname="OPTISSD9" failures="0" tests="4" name="testcases.Loginpage_Testcases" time="20.681" errors="0" timestamp="2021-10-18T17:59:48 IST" skipped="0">
  <testcase classname="testcases.Loginpage_Testcases" name="login" time="6.185"/>
  <system-out/>
  <testcase classname="testcases.Loginpage_Testcases" name="Verify_title" time="4.456"/>
  <system-out/>
  <testcase classname="testcases.Loginpage_Testcases" name="Verify_validation" time="5.492"/>
  <system-out/>
  <testcase classname="testcases.Loginpage_Testcases" name="verify_logo" time="4.548"/>
  <system-out/>
</testsuite> <!-- testcases.Loginpage_Testcases -->
