<?xml version="1.0" encoding="UTF-8"?>
<!-- Generated by org.testng.reporters.JUnitReportReporter -->
<testsuite hostname="OPTISSD9" failures="0" tests="4" name="testcases.Loginpage_Testcases" time="18.382" errors="0" timestamp="2021-11-11T11:59:22 IST" skipped="0">
  <testcase classname="testcases.Loginpage_Testcases" name="Verify_login" time="5.509"/>
  <system-out/>
  <testcase classname="testcases.Loginpage_Testcases" name="Verify_title" time="4.273"/>
  <system-out/>
  <testcase classname="testcases.Loginpage_Testcases" name="Verify_validation" time="4.337"/>
  <system-out/>
  <testcase classname="testcases.Loginpage_Testcases" name="verify_logo" time="4.263"/>
  <system-out/>
</testsuite> <!-- testcases.Loginpage_Testcases -->
