<?xml version="1.0" encoding="UTF-8"?>
<!-- Generated by org.testng.reporters.JUnitReportReporter -->
<testsuite hostname="OPTISSD9" failures="0" tests="1" name="testcases.Dashboardpage_Testcases" time="42.237" errors="0" timestamp="2021-12-20T14:56:36 IST" skipped="0">
  <testcase classname="testcases.Dashboardpage_Testcases" name="Verify_menus" time="42.237"/>
  <system-out/>
</testsuite> <!-- testcases.Dashboardpage_Testcases -->
