<?xml version="1.0" encoding="UTF-8"?>
<!-- Generated by org.testng.reporters.JUnitReportReporter -->
<testsuite hostname="OPTISSD9" failures="0" tests="9" name="testcases.Dashboardpage_Testcases" time="102.424" errors="0" timestamp="2021-10-22T11:03:14 IST" skipped="0">
  <testcase classname="testcases.Dashboardpage_Testcases" name="Verify_menus" time="22.424"/>
  <system-out/>
  <testcase classname="testcases.Dashboardpage_Testcases" name="Verify_UsergroupTest" time="9.635"/>
  <system-out/>
  <testcase classname="testcases.Dashboardpage_Testcases" name="Verify_UserManagementTest" time="9.589"/>
  <system-out/>
  <testcase classname="testcases.Dashboardpage_Testcases" name="Verify_RolesTest" time="9.575"/>
  <system-out/>
  <testcase classname="testcases.Dashboardpage_Testcases" name="Verify_AuthorizationTest" time="11.463"/>
  <system-out/>
  <testcase classname="testcases.Dashboardpage_Testcases" name="Verify_TenantTest" time="9.751"/>
  <system-out/>
  <testcase classname="testcases.Dashboardpage_Testcases" name="Verify_ConnectedUsersTest" time="9.449"/>
  <system-out/>
  <testcase classname="testcases.Dashboardpage_Testcases" name="Verify_ConfigurationTest" time="9.698"/>
  <system-out/>
  <testcase classname="testcases.Dashboardpage_Testcases" name="Verify_logout" time="10.840"/>
  <system-out/>
</testsuite> <!-- testcases.Dashboardpage_Testcases -->
