<?xml version="1.0" encoding="UTF-8"?>
<!-- Generated by org.testng.reporters.JUnitReportReporter -->
<testsuite hostname="OPTISSD9" failures="0" tests="1" name="testcases.UserGroup_Testcases" time="36.852" errors="0" timestamp="2021-10-26T16:17:37 IST" skipped="0">
  <testcase classname="testcases.UserGroup_Testcases" name="verify_Export_Excel" time="36.852"/>
  <system-out/>
</testsuite> <!-- testcases.UserGroup_Testcases -->
