<?xml version="1.0" encoding="UTF-8"?>
<!-- Generated by org.testng.reporters.JUnitReportReporter -->
<testsuite hostname="OPTISSD9" failures="0" tests="1" name="testcases.Loginpage_Testcases" time="9.955" errors="0" timestamp="2021-12-21T18:18:42 IST" skipped="0">
  <testcase classname="testcases.Loginpage_Testcases" name="Verify_login" time="9.955"/>
  <system-out/>
</testsuite> <!-- testcases.Loginpage_Testcases -->
