<?xml version="1.0" encoding="UTF-8"?>
<!-- Generated by org.testng.reporters.JUnitReportReporter -->
<testsuite hostname="OPTISSD9" failures="0" tests="9" name="testcases.Dashboardpage_Testcases" time="105.210" errors="0" timestamp="2021-10-12T11:11:47 IST" skipped="0">
  <testcase classname="testcases.Dashboardpage_Testcases" name="Verify_menus" time="23.967"/>
  <system-out/>
  <testcase classname="testcases.Dashboardpage_Testcases" name="Verify_UsergroupTest" time="9.961"/>
  <system-out/>
  <testcase classname="testcases.Dashboardpage_Testcases" name="Verify_UserManagementTest" time="9.981"/>
  <system-out/>
  <testcase classname="testcases.Dashboardpage_Testcases" name="Verify_RolesTest" time="10.184"/>
  <system-out/>
  <testcase classname="testcases.Dashboardpage_Testcases" name="Verify_AuthorizationTest" time="10.178"/>
  <system-out/>
  <testcase classname="testcases.Dashboardpage_Testcases" name="Verify_TenantTest" time="10.032"/>
  <system-out/>
  <testcase classname="testcases.Dashboardpage_Testcases" name="Verify_ConnectedUsersTest" time="10.028"/>
  <system-out/>
  <testcase classname="testcases.Dashboardpage_Testcases" name="Verify_ConfigurationTest" time="10.125"/>
  <system-out/>
  <testcase classname="testcases.Dashboardpage_Testcases" name="Verify_logout" time="10.754"/>
  <system-out/>
</testsuite> <!-- testcases.Dashboardpage_Testcases -->
